<?xml version='1.0' encoding='UTF-8'?>
<testsuite hostname="vpn-253-086.epfl.ch" name="lockfree.SortedListSuite" tests="7" errors="0" failures="0" time="13.647">
                     <properties>
[...]
</properties>
                     <testcase classname="lockfree.SortedListSuite" name="Should work when 1, 2, and 3 are inserted sequentially" time="0.087">
                                                 
                                               </testcase><testcase classname="lockfree.SortedListSuite" name="Should work when 3, 2, and 1 are inserted sequentially" time="0.0">
                                                 
                                               </testcase><testcase classname="lockfree.SortedListSuite" name="Should work when duplicate elements are inserted sequentially" time="0.0">
                                                 
                                               </testcase><testcase classname="lockfree.SortedListSuite" name="should return [1,4,5] when from [1,2,3,5], a thread removes 3, 2 and then inserts 4" time="0.011">
                                                 
                                               </testcase><testcase classname="lockfree.SortedListSuite" name="Should work when a random list of 100 elements are inserted sequentially" time="0.025">
                                                 
                                               </testcase><testcase classname="lockfree.SortedListSuite" name="should insert in parallel 1, 2 and 3 in the list [0, 4]" time="9.181">
                                                 
                                               </testcase><testcase classname="lockfree.SortedListSuite" name="should return List(true, false) when the first thread deletes 2 and the second one deletes 4 from SortedList(1, 2, 3)" time="4.343">
                                                 
                                               </testcase>
                     <system-out></system-out>
                     <system-err></system-err>
                   </testsuite>